Started GET "/" for 127.0.0.1 at 2021-12-28 05:40:33 +0700
  [1m[35m (34.7ms)[0m  [1m[34mSELECT sqlite_version(*)[0m
Processing by Rails::WelcomeController#index as HTML
  Rendering /home/mhasan01/.rbenv/versions/3.0.3/lib/ruby/gems/3.0.0/gems/railties-7.0.0/lib/rails/templates/rails/welcome/index.html.erb
  Rendered /home/mhasan01/.rbenv/versions/3.0.3/lib/ruby/gems/3.0.0/gems/railties-7.0.0/lib/rails/templates/rails/welcome/index.html.erb (Duration: 30.1ms | Allocations: 818)
Completed 200 OK in 390ms (Views: 119.5ms | ActiveRecord: 0.0ms | Allocations: 7655)


  [1m[35m (18.0ms)[0m  [1m[34mSELECT sqlite_version(*)[0m
  [1m[35m (21.9ms)[0m  [1m[35mCREATE TABLE "schema_migrations" ("version" varchar NOT NULL PRIMARY KEY)[0m
  [1m[35m (23.7ms)[0m  [1m[35mCREATE TABLE "ar_internal_metadata" ("key" varchar NOT NULL PRIMARY KEY, "value" varchar, "created_at" datetime(6) NOT NULL, "updated_at" datetime(6) NOT NULL)[0m
  [1m[36mActiveRecord::SchemaMigration Pluck (2.9ms)[0m  [1m[34mSELECT "schema_migrations"."version" FROM "schema_migrations" ORDER BY "schema_migrations"."version" ASC[0m
Migrating to CreateEntries (20211228043757)
  [1m[36mTRANSACTION (0.1ms)[0m  [1m[36mbegin transaction[0m
  [1m[35m (9.9ms)[0m  [1m[35mCREATE TABLE "entries" ("id" integer PRIMARY KEY AUTOINCREMENT NOT NULL, "meal_entry" varchar, "calories" integer, "protiens" integer, "carbohydrates" integer, "fats" integer, "created_at" datetime(6) NOT NULL, "updated_at" datetime(6) NOT NULL)[0m
  [1m[36mActiveRecord::SchemaMigration Create (2.7ms)[0m  [1m[32mINSERT INTO "schema_migrations" ("version") VALUES (?)[0m  [["version", "20211228043757"]]
  [1m[36mTRANSACTION (14.6ms)[0m  [1m[36mcommit transaction[0m
  [1m[36mActiveRecord::InternalMetadata Load (4.0ms)[0m  [1m[34mSELECT "ar_internal_metadata".* FROM "ar_internal_metadata" WHERE "ar_internal_metadata"."key" = ? LIMIT ?[0m  [["key", "environment"], ["LIMIT", 1]]
  [1m[36mTRANSACTION (0.1ms)[0m  [1m[36mbegin transaction[0m
  [1m[36mActiveRecord::InternalMetadata Create (12.3ms)[0m  [1m[32mINSERT INTO "ar_internal_metadata" ("key", "value", "created_at", "updated_at") VALUES (?, ?, ?, ?)[0m  [["key", "environment"], ["value", "development"], ["created_at", "2021-12-28 06:59:58.141908"], ["updated_at", "2021-12-28 06:59:58.141908"]]
  [1m[36mTRANSACTION (15.7ms)[0m  [1m[36mcommit transaction[0m
  [1m[35m (0.1ms)[0m  [1m[34mSELECT sqlite_version(*)[0m
  [1m[36mActiveRecord::SchemaMigration Pluck (4.7ms)[0m  [1m[34mSELECT "schema_migrations"."version" FROM "schema_migrations" ORDER BY "schema_migrations"."version" ASC[0m
  [1m[35m (7.2ms)[0m  [1m[34mSELECT sqlite_version(*)[0m
Started GET "/" for 127.0.0.1 at 2021-12-29 00:46:53 +0700
  [1m[35m (15.9ms)[0m  [1m[34mSELECT sqlite_version(*)[0m
  [1m[36mActiveRecord::SchemaMigration Pluck (0.5ms)[0m  [1m[34mSELECT "schema_migrations"."version" FROM "schema_migrations" ORDER BY "schema_migrations"."version" ASC[0m
Processing by Rails::WelcomeController#index as HTML
  Rendering C:/Ruby30/lib/ruby/gems/3.0.0/gems/railties-7.0.0/lib/rails/templates/rails/welcome/index.html.erb
  Rendered C:/Ruby30/lib/ruby/gems/3.0.0/gems/railties-7.0.0/lib/rails/templates/rails/welcome/index.html.erb (Duration: 41.2ms | Allocations: 903)
Completed 200 OK in 280ms (Views: 83.9ms | ActiveRecord: 0.0ms | Allocations: 8455)


Started GET "/rails/info/routes" for 127.0.0.1 at 2021-12-29 00:47:21 +0700
Processing by Rails::InfoController#routes as HTML
  Rendering layout C:/Ruby30/lib/ruby/gems/3.0.0/gems/railties-7.0.0/lib/rails/templates/layouts/application.html.erb
  Rendering C:/Ruby30/lib/ruby/gems/3.0.0/gems/railties-7.0.0/lib/rails/templates/rails/info/routes.html.erb within layouts/application
  Rendered collection of C:/Ruby30/lib/ruby/gems/3.0.0/gems/actionpack-7.0.0/lib/action_dispatch/middleware/templates/routes/_route.html.erb [38 times] (Duration: 31.9ms | Allocations: 6990)
  Rendered C:/Ruby30/lib/ruby/gems/3.0.0/gems/actionpack-7.0.0/lib/action_dispatch/middleware/templates/routes/_table.html.erb (Duration: 57.9ms | Allocations: 1727)
  Rendered C:/Ruby30/lib/ruby/gems/3.0.0/gems/railties-7.0.0/lib/rails/templates/rails/info/routes.html.erb within layouts/application (Duration: 116.1ms | Allocations: 13437)
  Rendered layout C:/Ruby30/lib/ruby/gems/3.0.0/gems/railties-7.0.0/lib/rails/templates/layouts/application.html.erb (Duration: 127.2ms | Allocations: 13882)
Completed 200 OK in 140ms (Views: 133.9ms | ActiveRecord: 0.0ms | Allocations: 15332)


